{"/home/shubham.gapat@ad.mindbowser.com/react-interactive-dropdown/src/components/DynamicDropdown/arrowDownLightGrey.svg": {"path":"/home/shubham.gapat@ad.mindbowser.com/react-interactive-dropdown/src/components/DynamicDropdown/arrowDownLightGrey.svg","statementMap":{"0":{"start":{"line":1,"column":0},"end":{"line":1,"column":19}}},"fnMap":{},"branchMap":{},"s":{"0":1},"f":{},"b":{},"_coverageSchema":"1a1c01bbd47fc00a2c39e90264f33305004495a9","hash":"a64f58cafe29f193f2ae3e014df32c89578f9c97"}
,"/home/shubham.gapat@ad.mindbowser.com/react-interactive-dropdown/src/components/DynamicDropdown/index.js": {"path":"/home/shubham.gapat@ad.mindbowser.com/react-interactive-dropdown/src/components/DynamicDropdown/index.js","statementMap":{"0":{"start":{"line":33,"column":40},"end":{"line":33,"column":52}},"1":{"start":{"line":34,"column":38},"end":{"line":34,"column":53}},"2":{"start":{"line":35,"column":46},"end":{"line":35,"column":58}},"3":{"start":{"line":36,"column":48},"end":{"line":36,"column":60}},"4":{"start":{"line":37,"column":48},"end":{"line":37,"column":60}},"5":{"start":{"line":38,"column":26},"end":{"line":38,"column":41}},"6":{"start":{"line":40,"column":21},"end":{"line":40,"column":29}},"7":{"start":{"line":42,"column":27},"end":{"line":53,"column":5}},"8":{"start":{"line":44,"column":12},"end":{"line":44,"column":64}},"9":{"start":{"line":44,"column":34},"end":{"line":44,"column":64}},"10":{"start":{"line":45,"column":12},"end":{"line":49,"column":15}},"11":{"start":{"line":46,"column":16},"end":{"line":48,"column":17}},"12":{"start":{"line":47,"column":20},"end":{"line":47,"column":52}},"13":{"start":{"line":50,"column":12},"end":{"line":50,"column":53}},"14":{"start":{"line":50,"column":22},"end":{"line":50,"column":53}},"15":{"start":{"line":56,"column":8},"end":{"line":66,"column":34}},"16":{"start":{"line":58,"column":16},"end":{"line":60,"column":17}},"17":{"start":{"line":59,"column":20},"end":{"line":59,"column":37}},"18":{"start":{"line":62,"column":12},"end":{"line":62,"column":71}},"19":{"start":{"line":63,"column":12},"end":{"line":65,"column":14}},"20":{"start":{"line":64,"column":16},"end":{"line":64,"column":78}},"21":{"start":{"line":70,"column":23},"end":{"line":70,"column":37}},"22":{"start":{"line":71,"column":4},"end":{"line":73,"column":7}},"23":{"start":{"line":72,"column":8},"end":{"line":72,"column":23}},"24":{"start":{"line":75,"column":4},"end":{"line":90,"column":24}},"25":{"start":{"line":76,"column":20},"end":{"line":76,"column":22}},"26":{"start":{"line":77,"column":8},"end":{"line":87,"column":9}},"27":{"start":{"line":78,"column":12},"end":{"line":84,"column":15}},"28":{"start":{"line":79,"column":28},"end":{"line":79,"column":30}},"29":{"start":{"line":80,"column":16},"end":{"line":82,"column":19}},"30":{"start":{"line":81,"column":20},"end":{"line":81,"column":39}},"31":{"start":{"line":83,"column":16},"end":{"line":83,"column":72}},"32":{"start":{"line":86,"column":12},"end":{"line":86,"column":39}},"33":{"start":{"line":88,"column":8},"end":{"line":88,"column":32}},"34":{"start":{"line":89,"column":8},"end":{"line":89,"column":33}},"35":{"start":{"line":92,"column":4},"end":{"line":98,"column":31}},"36":{"start":{"line":93,"column":8},"end":{"line":97,"column":9}},"37":{"start":{"line":94,"column":12},"end":{"line":94,"column":37}},"38":{"start":{"line":96,"column":12},"end":{"line":96,"column":32}},"39":{"start":{"line":100,"column":25},"end":{"line":106,"column":5}},"40":{"start":{"line":101,"column":8},"end":{"line":101,"column":20}},"41":{"start":{"line":102,"column":8},"end":{"line":102,"column":24}},"42":{"start":{"line":103,"column":8},"end":{"line":103,"column":26}},"43":{"start":{"line":104,"column":8},"end":{"line":104,"column":22}},"44":{"start":{"line":108,"column":30},"end":{"line":117,"column":5}},"45":{"start":{"line":109,"column":29},"end":{"line":109,"column":48}},"46":{"start":{"line":110,"column":8},"end":{"line":114,"column":9}},"47":{"start":{"line":111,"column":12},"end":{"line":111,"column":64}},"48":{"start":{"line":113,"column":12},"end":{"line":113,"column":35}},"49":{"start":{"line":115,"column":8},"end":{"line":115,"column":42}},"50":{"start":{"line":116,"column":8},"end":{"line":116,"column":33}},"51":{"start":{"line":119,"column":36},"end":{"line":125,"column":5}},"52":{"start":{"line":120,"column":29},"end":{"line":120,"column":48}},"53":{"start":{"line":121,"column":8},"end":{"line":121,"column":60}},"54":{"start":{"line":122,"column":8},"end":{"line":122,"column":42}},"55":{"start":{"line":123,"column":8},"end":{"line":123,"column":33}},"56":{"start":{"line":124,"column":8},"end":{"line":124,"column":21}},"57":{"start":{"line":127,"column":4},"end":{"line":196,"column":6}},"58":{"start":{"line":153,"column":33},"end":{"line":153,"column":47}},"59":{"start":{"line":160,"column":28},"end":{"line":165,"column":30}},"60":{"start":{"line":163,"column":48},"end":{"line":163,"column":79}},"61":{"start":{"line":186,"column":24},"end":{"line":191,"column":26}},"62":{"start":{"line":189,"column":44},"end":{"line":189,"column":75}},"63":{"start":{"line":199,"column":35},"end":{"line":208,"column":9}},"64":{"start":{"line":200,"column":12},"end":{"line":200,"column":42}},"65":{"start":{"line":201,"column":35},"end":{"line":205,"column":53}},"66":{"start":{"line":203,"column":20},"end":{"line":203,"column":31}},"67":{"start":{"line":205,"column":34},"end":{"line":205,"column":52}},"68":{"start":{"line":206,"column":12},"end":{"line":206,"column":46}},"69":{"start":{"line":211,"column":12},"end":{"line":223,"column":13}},"70":{"start":{"line":212,"column":16},"end":{"line":222,"column":18}},"71":{"start":{"line":224,"column":12},"end":{"line":232,"column":15}},"72":{"start":{"line":235,"column":8},"end":{"line":293,"column":10}},"73":{"start":{"line":274,"column":32},"end":{"line":288,"column":34}},"74":{"start":{"line":281,"column":59},"end":{"line":281,"column":94}},"75":{"start":{"line":299,"column":12},"end":{"line":301,"column":13}},"76":{"start":{"line":300,"column":16},"end":{"line":300,"column":118}},"77":{"start":{"line":302,"column":12},"end":{"line":302,"column":114}},"78":{"start":{"line":305,"column":8},"end":{"line":374,"column":10}},"79":{"start":{"line":318,"column":36},"end":{"line":318,"column":66}},"80":{"start":{"line":319,"column":59},"end":{"line":330,"column":77}},"81":{"start":{"line":321,"column":44},"end":{"line":327,"column":45}},"82":{"start":{"line":326,"column":48},"end":{"line":326,"column":60}},"83":{"start":{"line":328,"column":44},"end":{"line":328,"column":61}},"84":{"start":{"line":330,"column":58},"end":{"line":330,"column":76}},"85":{"start":{"line":331,"column":36},"end":{"line":331,"column":70}},"86":{"start":{"line":342,"column":32},"end":{"line":362,"column":34}},"87":{"start":{"line":349,"column":159},"end":{"line":349,"column":182}}},"fnMap":{"0":{"name":"SearchBoxSelect","decl":{"start":{"line":9,"column":9},"end":{"line":9,"column":24}},"loc":{"start":{"line":32,"column":3},"end":{"line":376,"column":1}},"line":32},"1":{"name":"(anonymous_1)","decl":{"start":{"line":15,"column":15},"end":{"line":15,"column":16}},"loc":{"start":{"line":15,"column":22},"end":{"line":15,"column":25}},"line":15},"2":{"name":"(anonymous_2)","decl":{"start":{"line":29,"column":26},"end":{"line":29,"column":27}},"loc":{"start":{"line":29,"column":33},"end":{"line":29,"column":36}},"line":29},"3":{"name":"(anonymous_3)","decl":{"start":{"line":43,"column":8},"end":{"line":43,"column":9}},"loc":{"start":{"line":43,"column":18},"end":{"line":51,"column":9}},"line":43},"4":{"name":"(anonymous_4)","decl":{"start":{"line":45,"column":56},"end":{"line":45,"column":57}},"loc":{"start":{"line":45,"column":69},"end":{"line":49,"column":13}},"line":45},"5":{"name":"useClickOutside","decl":{"start":{"line":55,"column":13},"end":{"line":55,"column":28}},"loc":{"start":{"line":55,"column":50},"end":{"line":67,"column":5}},"line":55},"6":{"name":"(anonymous_6)","decl":{"start":{"line":56,"column":18},"end":{"line":56,"column":19}},"loc":{"start":{"line":56,"column":24},"end":{"line":66,"column":9}},"line":56},"7":{"name":"handleClickOutside","decl":{"start":{"line":57,"column":21},"end":{"line":57,"column":39}},"loc":{"start":{"line":57,"column":47},"end":{"line":61,"column":13}},"line":57},"8":{"name":"(anonymous_8)","decl":{"start":{"line":63,"column":19},"end":{"line":63,"column":20}},"loc":{"start":{"line":63,"column":25},"end":{"line":65,"column":13}},"line":63},"9":{"name":"(anonymous_9)","decl":{"start":{"line":71,"column":32},"end":{"line":71,"column":33}},"loc":{"start":{"line":71,"column":38},"end":{"line":73,"column":5}},"line":71},"10":{"name":"(anonymous_10)","decl":{"start":{"line":75,"column":14},"end":{"line":75,"column":15}},"loc":{"start":{"line":75,"column":20},"end":{"line":90,"column":5}},"line":75},"11":{"name":"(anonymous_11)","decl":{"start":{"line":78,"column":38},"end":{"line":78,"column":39}},"loc":{"start":{"line":78,"column":47},"end":{"line":84,"column":13}},"line":78},"12":{"name":"(anonymous_12)","decl":{"start":{"line":80,"column":30},"end":{"line":80,"column":31}},"loc":{"start":{"line":80,"column":37},"end":{"line":82,"column":17}},"line":80},"13":{"name":"(anonymous_13)","decl":{"start":{"line":92,"column":14},"end":{"line":92,"column":15}},"loc":{"start":{"line":92,"column":20},"end":{"line":98,"column":5}},"line":92},"14":{"name":"(anonymous_14)","decl":{"start":{"line":100,"column":25},"end":{"line":100,"column":26}},"loc":{"start":{"line":100,"column":32},"end":{"line":106,"column":5}},"line":100},"15":{"name":"(anonymous_15)","decl":{"start":{"line":108,"column":30},"end":{"line":108,"column":31}},"loc":{"start":{"line":108,"column":37},"end":{"line":117,"column":5}},"line":108},"16":{"name":"(anonymous_16)","decl":{"start":{"line":119,"column":36},"end":{"line":119,"column":37}},"loc":{"start":{"line":119,"column":43},"end":{"line":125,"column":5}},"line":119},"17":{"name":"(anonymous_17)","decl":{"start":{"line":153,"column":25},"end":{"line":153,"column":26}},"loc":{"start":{"line":153,"column":31},"end":{"line":153,"column":49}},"line":153},"18":{"name":"(anonymous_18)","decl":{"start":{"line":159,"column":45},"end":{"line":159,"column":46}},"loc":{"start":{"line":160,"column":28},"end":{"line":165,"column":30}},"line":160},"19":{"name":"(anonymous_19)","decl":{"start":{"line":163,"column":42},"end":{"line":163,"column":43}},"loc":{"start":{"line":163,"column":48},"end":{"line":163,"column":79}},"line":163},"20":{"name":"(anonymous_20)","decl":{"start":{"line":185,"column":41},"end":{"line":185,"column":42}},"loc":{"start":{"line":186,"column":24},"end":{"line":191,"column":26}},"line":186},"21":{"name":"(anonymous_21)","decl":{"start":{"line":189,"column":38},"end":{"line":189,"column":39}},"loc":{"start":{"line":189,"column":44},"end":{"line":189,"column":75}},"line":189},"22":{"name":"renderSelectMenu","decl":{"start":{"line":198,"column":13},"end":{"line":198,"column":29}},"loc":{"start":{"line":198,"column":32},"end":{"line":294,"column":5}},"line":198},"23":{"name":"(anonymous_23)","decl":{"start":{"line":199,"column":35},"end":{"line":199,"column":36}},"loc":{"start":{"line":199,"column":42},"end":{"line":208,"column":9}},"line":199},"24":{"name":"(anonymous_24)","decl":{"start":{"line":202,"column":21},"end":{"line":202,"column":22}},"loc":{"start":{"line":202,"column":31},"end":{"line":204,"column":17}},"line":202},"25":{"name":"(anonymous_25)","decl":{"start":{"line":205,"column":24},"end":{"line":205,"column":25}},"loc":{"start":{"line":205,"column":34},"end":{"line":205,"column":52}},"line":205},"26":{"name":"renderOption","decl":{"start":{"line":210,"column":17},"end":{"line":210,"column":29}},"loc":{"start":{"line":210,"column":37},"end":{"line":233,"column":9}},"line":210},"27":{"name":"(anonymous_27)","decl":{"start":{"line":273,"column":29},"end":{"line":273,"column":30}},"loc":{"start":{"line":273,"column":51},"end":{"line":289,"column":29}},"line":273},"28":{"name":"(anonymous_28)","decl":{"start":{"line":281,"column":53},"end":{"line":281,"column":54}},"loc":{"start":{"line":281,"column":59},"end":{"line":281,"column":94}},"line":281},"29":{"name":"renderMultiSelectMenu","decl":{"start":{"line":296,"column":13},"end":{"line":296,"column":34}},"loc":{"start":{"line":296,"column":37},"end":{"line":375,"column":5}},"line":296},"30":{"name":"renderOption","decl":{"start":{"line":298,"column":17},"end":{"line":298,"column":29}},"loc":{"start":{"line":298,"column":37},"end":{"line":303,"column":9}},"line":298},"31":{"name":"(anonymous_31)","decl":{"start":{"line":317,"column":85},"end":{"line":317,"column":86}},"loc":{"start":{"line":317,"column":92},"end":{"line":332,"column":33}},"line":317},"32":{"name":"(anonymous_32)","decl":{"start":{"line":320,"column":45},"end":{"line":320,"column":46}},"loc":{"start":{"line":320,"column":55},"end":{"line":329,"column":41}},"line":320},"33":{"name":"(anonymous_33)","decl":{"start":{"line":330,"column":48},"end":{"line":330,"column":49}},"loc":{"start":{"line":330,"column":58},"end":{"line":330,"column":76}},"line":330},"34":{"name":"(anonymous_34)","decl":{"start":{"line":341,"column":47},"end":{"line":341,"column":48}},"loc":{"start":{"line":341,"column":64},"end":{"line":363,"column":29}},"line":341},"35":{"name":"(anonymous_35)","decl":{"start":{"line":349,"column":153},"end":{"line":349,"column":154}},"loc":{"start":{"line":349,"column":159},"end":{"line":349,"column":182}},"line":349}},"branchMap":{"0":{"loc":{"start":{"line":10,"column":4},"end":{"line":10,"column":22}},"type":"default-arg","locations":[{"start":{"line":10,"column":20},"end":{"line":10,"column":22}}],"line":10},"1":{"loc":{"start":{"line":14,"column":4},"end":{"line":14,"column":16}},"type":"default-arg","locations":[{"start":{"line":14,"column":12},"end":{"line":14,"column":16}}],"line":14},"2":{"loc":{"start":{"line":15,"column":4},"end":{"line":15,"column":25}},"type":"default-arg","locations":[{"start":{"line":15,"column":15},"end":{"line":15,"column":25}}],"line":15},"3":{"loc":{"start":{"line":16,"column":4},"end":{"line":16,"column":22}},"type":"default-arg","locations":[{"start":{"line":16,"column":17},"end":{"line":16,"column":22}}],"line":16},"4":{"loc":{"start":{"line":19,"column":4},"end":{"line":19,"column":16}},"type":"default-arg","locations":[{"start":{"line":19,"column":12},"end":{"line":19,"column":16}}],"line":19},"5":{"loc":{"start":{"line":20,"column":4},"end":{"line":20,"column":23}},"type":"default-arg","locations":[{"start":{"line":20,"column":19},"end":{"line":20,"column":23}}],"line":20},"6":{"loc":{"start":{"line":21,"column":4},"end":{"line":21,"column":25}},"type":"default-arg","locations":[{"start":{"line":21,"column":20},"end":{"line":21,"column":25}}],"line":21},"7":{"loc":{"start":{"line":22,"column":4},"end":{"line":22,"column":24}},"type":"default-arg","locations":[{"start":{"line":22,"column":19},"end":{"line":22,"column":24}}],"line":22},"8":{"loc":{"start":{"line":23,"column":4},"end":{"line":23,"column":21}},"type":"default-arg","locations":[{"start":{"line":23,"column":16},"end":{"line":23,"column":21}}],"line":23},"9":{"loc":{"start":{"line":24,"column":4},"end":{"line":24,"column":24}},"type":"default-arg","locations":[{"start":{"line":24,"column":20},"end":{"line":24,"column":24}}],"line":24},"10":{"loc":{"start":{"line":25,"column":4},"end":{"line":25,"column":22}},"type":"default-arg","locations":[{"start":{"line":25,"column":17},"end":{"line":25,"column":22}}],"line":25},"11":{"loc":{"start":{"line":26,"column":4},"end":{"line":26,"column":23}},"type":"default-arg","locations":[{"start":{"line":26,"column":19},"end":{"line":26,"column":23}}],"line":26},"12":{"loc":{"start":{"line":28,"column":4},"end":{"line":28,"column":30}},"type":"default-arg","locations":[{"start":{"line":28,"column":25},"end":{"line":28,"column":30}}],"line":28},"13":{"loc":{"start":{"line":29,"column":4},"end":{"line":29,"column":36}},"type":"default-arg","locations":[{"start":{"line":29,"column":26},"end":{"line":29,"column":36}}],"line":29},"14":{"loc":{"start":{"line":31,"column":4},"end":{"line":31,"column":30}},"type":"default-arg","locations":[{"start":{"line":31,"column":25},"end":{"line":31,"column":30}}],"line":31},"15":{"loc":{"start":{"line":44,"column":12},"end":{"line":44,"column":64}},"type":"if","locations":[{"start":{"line":44,"column":12},"end":{"line":44,"column":64}},{"start":{},"end":{}}],"line":44},"16":{"loc":{"start":{"line":46,"column":16},"end":{"line":48,"column":17}},"type":"if","locations":[{"start":{"line":46,"column":16},"end":{"line":48,"column":17}},{"start":{},"end":{}}],"line":46},"17":{"loc":{"start":{"line":50,"column":12},"end":{"line":50,"column":53}},"type":"if","locations":[{"start":{"line":50,"column":12},"end":{"line":50,"column":53}},{"start":{},"end":{}}],"line":50},"18":{"loc":{"start":{"line":58,"column":16},"end":{"line":60,"column":17}},"type":"if","locations":[{"start":{"line":58,"column":16},"end":{"line":60,"column":17}},{"start":{},"end":{}}],"line":58},"19":{"loc":{"start":{"line":58,"column":20},"end":{"line":58,"column":70}},"type":"binary-expr","locations":[{"start":{"line":58,"column":20},"end":{"line":58,"column":31}},{"start":{"line":58,"column":35},"end":{"line":58,"column":70}}],"line":58},"20":{"loc":{"start":{"line":77,"column":8},"end":{"line":87,"column":9}},"type":"if","locations":[{"start":{"line":77,"column":8},"end":{"line":87,"column":9}},{"start":{"line":85,"column":15},"end":{"line":87,"column":9}}],"line":77},"21":{"loc":{"start":{"line":93,"column":8},"end":{"line":97,"column":9}},"type":"if","locations":[{"start":{"line":93,"column":8},"end":{"line":97,"column":9}},{"start":{"line":95,"column":15},"end":{"line":97,"column":9}}],"line":93},"22":{"loc":{"start":{"line":110,"column":8},"end":{"line":114,"column":9}},"type":"if","locations":[{"start":{"line":110,"column":8},"end":{"line":114,"column":9}},{"start":{"line":112,"column":15},"end":{"line":114,"column":9}}],"line":110},"23":{"loc":{"start":{"line":129,"column":13},"end":{"line":137,"column":13}},"type":"binary-expr","locations":[{"start":{"line":129,"column":13},"end":{"line":129,"column":18}},{"start":{"line":130,"column":16},"end":{"line":136,"column":22}}],"line":129},"24":{"loc":{"start":{"line":149,"column":27},"end":{"line":149,"column":57}},"type":"cond-expr","locations":[{"start":{"line":149,"column":39},"end":{"line":149,"column":48}},{"start":{"line":149,"column":51},"end":{"line":149,"column":57}}],"line":149},"25":{"loc":{"start":{"line":150,"column":35},"end":{"line":150,"column":62}},"type":"cond-expr","locations":[{"start":{"line":150,"column":48},"end":{"line":150,"column":54}},{"start":{"line":150,"column":57},"end":{"line":150,"column":62}}],"line":150},"26":{"loc":{"start":{"line":151,"column":29},"end":{"line":151,"column":49}},"type":"cond-expr","locations":[{"start":{"line":151,"column":42},"end":{"line":151,"column":45}},{"start":{"line":151,"column":48},"end":{"line":151,"column":49}}],"line":151},"27":{"loc":{"start":{"line":158,"column":21},"end":{"line":167,"column":30}},"type":"cond-expr","locations":[{"start":{"line":159,"column":26},"end":{"line":166,"column":26}},{"start":{"line":167,"column":26},"end":{"line":167,"column":30}}],"line":158},"28":{"loc":{"start":{"line":158,"column":21},"end":{"line":158,"column":78}},"type":"binary-expr","locations":[{"start":{"line":158,"column":21},"end":{"line":158,"column":34}},{"start":{"line":158,"column":38},"end":{"line":158,"column":60}},{"start":{"line":158,"column":64},"end":{"line":158,"column":78}}],"line":158},"29":{"loc":{"start":{"line":170,"column":21},"end":{"line":170,"column":62}},"type":"cond-expr","locations":[{"start":{"line":170,"column":33},"end":{"line":170,"column":48}},{"start":{"line":170,"column":51},"end":{"line":170,"column":62}}],"line":170},"30":{"loc":{"start":{"line":182,"column":13},"end":{"line":182,"column":73}},"type":"cond-expr","locations":[{"start":{"line":182,"column":29},"end":{"line":182,"column":52}},{"start":{"line":182,"column":55},"end":{"line":182,"column":73}}],"line":182},"31":{"loc":{"start":{"line":184,"column":17},"end":{"line":193,"column":26}},"type":"cond-expr","locations":[{"start":{"line":185,"column":22},"end":{"line":192,"column":22}},{"start":{"line":193,"column":22},"end":{"line":193,"column":26}}],"line":184},"32":{"loc":{"start":{"line":184,"column":17},"end":{"line":184,"column":82}},"type":"binary-expr","locations":[{"start":{"line":184,"column":17},"end":{"line":184,"column":30}},{"start":{"line":184,"column":34},"end":{"line":184,"column":56}},{"start":{"line":184,"column":60},"end":{"line":184,"column":69}},{"start":{"line":184,"column":73},"end":{"line":184,"column":82}}],"line":184},"33":{"loc":{"start":{"line":211,"column":12},"end":{"line":223,"column":13}},"type":"if","locations":[{"start":{"line":211,"column":12},"end":{"line":223,"column":13}},{"start":{},"end":{}}],"line":211},"34":{"loc":{"start":{"line":214,"column":25},"end":{"line":220,"column":30}},"type":"cond-expr","locations":[{"start":{"line":214,"column":46},"end":{"line":216,"column":30}},{"start":{"line":216,"column":33},"end":{"line":220,"column":30}}],"line":214},"35":{"loc":{"start":{"line":217,"column":29},"end":{"line":219,"column":72}},"type":"cond-expr","locations":[{"start":{"line":218,"column":34},"end":{"line":218,"column":51}},{"start":{"line":219,"column":34},"end":{"line":219,"column":72}}],"line":217},"36":{"loc":{"start":{"line":225,"column":17},"end":{"line":231,"column":22}},"type":"cond-expr","locations":[{"start":{"line":225,"column":38},"end":{"line":227,"column":22}},{"start":{"line":227,"column":25},"end":{"line":231,"column":22}}],"line":225},"37":{"loc":{"start":{"line":228,"column":21},"end":{"line":230,"column":64}},"type":"cond-expr","locations":[{"start":{"line":229,"column":26},"end":{"line":229,"column":43}},{"start":{"line":230,"column":26},"end":{"line":230,"column":64}}],"line":228},"38":{"loc":{"start":{"line":237,"column":17},"end":{"line":292,"column":22}},"type":"binary-expr","locations":[{"start":{"line":237,"column":17},"end":{"line":237,"column":21}},{"start":{"line":237,"column":25},"end":{"line":292,"column":22}}],"line":237},"39":{"loc":{"start":{"line":241,"column":36},"end":{"line":241,"column":66}},"type":"cond-expr","locations":[{"start":{"line":241,"column":48},"end":{"line":241,"column":57}},{"start":{"line":241,"column":60},"end":{"line":241,"column":66}}],"line":241},"40":{"loc":{"start":{"line":244,"column":21},"end":{"line":253,"column":21}},"type":"binary-expr","locations":[{"start":{"line":244,"column":21},"end":{"line":244,"column":33}},{"start":{"line":245,"column":24},"end":{"line":252,"column":30}}],"line":244},"41":{"loc":{"start":{"line":247,"column":42},"end":{"line":247,"column":103}},"type":"cond-expr","locations":[{"start":{"line":247,"column":63},"end":{"line":247,"column":82}},{"start":{"line":247,"column":85},"end":{"line":247,"column":103}}],"line":247},"42":{"loc":{"start":{"line":276,"column":40},"end":{"line":278,"column":50}},"type":"cond-expr","locations":[{"start":{"line":277,"column":46},"end":{"line":277,"column":60}},{"start":{"line":278,"column":46},"end":{"line":278,"column":50}}],"line":276},"43":{"loc":{"start":{"line":283,"column":45},"end":{"line":283,"column":98}},"type":"binary-expr","locations":[{"start":{"line":283,"column":45},"end":{"line":283,"column":58}},{"start":{"line":283,"column":62},"end":{"line":283,"column":98}}],"line":283},"44":{"loc":{"start":{"line":285,"column":45},"end":{"line":285,"column":96}},"type":"binary-expr","locations":[{"start":{"line":285,"column":45},"end":{"line":285,"column":57}},{"start":{"line":285,"column":61},"end":{"line":285,"column":96}}],"line":285},"45":{"loc":{"start":{"line":299,"column":12},"end":{"line":301,"column":13}},"type":"if","locations":[{"start":{"line":299,"column":12},"end":{"line":301,"column":13}},{"start":{},"end":{}}],"line":299},"46":{"loc":{"start":{"line":300,"column":53},"end":{"line":300,"column":110}},"type":"cond-expr","locations":[{"start":{"line":300,"column":74},"end":{"line":300,"column":96}},{"start":{"line":300,"column":99},"end":{"line":300,"column":110}}],"line":300},"47":{"loc":{"start":{"line":302,"column":49},"end":{"line":302,"column":106}},"type":"cond-expr","locations":[{"start":{"line":302,"column":70},"end":{"line":302,"column":92}},{"start":{"line":302,"column":95},"end":{"line":302,"column":106}}],"line":302},"48":{"loc":{"start":{"line":307,"column":17},"end":{"line":372,"column":22}},"type":"binary-expr","locations":[{"start":{"line":307,"column":17},"end":{"line":307,"column":21}},{"start":{"line":307,"column":25},"end":{"line":372,"column":22}}],"line":307},"49":{"loc":{"start":{"line":311,"column":36},"end":{"line":311,"column":66}},"type":"cond-expr","locations":[{"start":{"line":311,"column":48},"end":{"line":311,"column":57}},{"start":{"line":311,"column":60},"end":{"line":311,"column":66}}],"line":311},"50":{"loc":{"start":{"line":314,"column":21},"end":{"line":338,"column":21}},"type":"binary-expr","locations":[{"start":{"line":314,"column":21},"end":{"line":314,"column":33}},{"start":{"line":315,"column":24},"end":{"line":337,"column":30}}],"line":314},"51":{"loc":{"start":{"line":317,"column":42},"end":{"line":332,"column":33}},"type":"cond-expr","locations":[{"start":{"line":317,"column":63},"end":{"line":317,"column":82}},{"start":{"line":317,"column":85},"end":{"line":332,"column":33}}],"line":317},"52":{"loc":{"start":{"line":321,"column":44},"end":{"line":327,"column":45}},"type":"if","locations":[{"start":{"line":321,"column":44},"end":{"line":327,"column":45}},{"start":{},"end":{}}],"line":321},"53":{"loc":{"start":{"line":340,"column":25},"end":{"line":370,"column":25}},"type":"cond-expr","locations":[{"start":{"line":341,"column":28},"end":{"line":363,"column":30}},{"start":{"line":365,"column":28},"end":{"line":369,"column":34}}],"line":340},"54":{"loc":{"start":{"line":344,"column":40},"end":{"line":346,"column":50}},"type":"cond-expr","locations":[{"start":{"line":345,"column":46},"end":{"line":345,"column":60}},{"start":{"line":346,"column":46},"end":{"line":346,"column":50}}],"line":344},"55":{"loc":{"start":{"line":349,"column":60},"end":{"line":349,"column":142}},"type":"cond-expr","locations":[{"start":{"line":349,"column":96},"end":{"line":349,"column":122}},{"start":{"line":349,"column":125},"end":{"line":349,"column":142}}],"line":349},"56":{"loc":{"start":{"line":350,"column":49},"end":{"line":357,"column":49}},"type":"binary-expr","locations":[{"start":{"line":350,"column":49},"end":{"line":350,"column":61}},{"start":{"line":351,"column":52},"end":{"line":356,"column":54}}],"line":350}},"s":{"0":28,"1":28,"2":28,"3":28,"4":28,"5":28,"6":28,"7":28,"8":18,"9":12,"10":18,"11":0,"12":0,"13":18,"14":9,"15":28,"16":1,"17":1,"18":28,"19":28,"20":28,"21":28,"22":28,"23":1,"24":28,"25":8,"26":8,"27":0,"28":0,"29":0,"30":0,"31":0,"32":8,"33":8,"34":8,"35":28,"36":8,"37":0,"38":8,"39":28,"40":2,"41":2,"42":2,"43":2,"44":28,"45":0,"46":0,"47":0,"48":0,"49":0,"50":0,"51":28,"52":0,"53":0,"54":0,"55":0,"56":0,"57":28,"58":6,"59":0,"60":0,"61":0,"62":0,"63":28,"64":3,"65":3,"66":9,"67":9,"68":3,"69":27,"70":0,"71":27,"72":28,"73":27,"74":2,"75":0,"76":0,"77":0,"78":0,"79":0,"80":0,"81":0,"82":0,"83":0,"84":0,"85":0,"86":0,"87":0},"f":{"0":28,"1":0,"2":0,"3":18,"4":0,"5":28,"6":28,"7":1,"8":28,"9":1,"10":8,"11":0,"12":0,"13":8,"14":2,"15":0,"16":0,"17":6,"18":0,"19":0,"20":0,"21":0,"22":28,"23":3,"24":9,"25":9,"26":27,"27":27,"28":2,"29":0,"30":0,"31":0,"32":0,"33":0,"34":0,"35":0},"b":{"0":[0],"1":[26],"2":[0],"3":[28],"4":[0],"5":[0],"6":[28],"7":[28],"8":[28],"9":[28],"10":[28],"11":[28],"12":[28],"13":[28],"14":[28],"15":[12,6],"16":[0,0],"17":[9,9],"18":[1,0],"19":[1,1],"20":[0,8],"21":[0,8],"22":[0,0],"23":[28,28],"24":[0,28],"25":[0,28],"26":[0,28],"27":[0,28],"28":[28,0,0],"29":[4,24],"30":[0,28],"31":[0,28],"32":[28,0,0,0],"33":[0,27],"34":[0,0],"35":[0,0],"36":[0,27],"37":[27,0],"38":[28,9],"39":[0,9],"40":[9,9],"41":[0,9],"42":[9,18],"43":[27,0],"44":[27,0],"45":[0,0],"46":[0,0],"47":[0,0],"48":[0,0],"49":[0,0],"50":[0,0],"51":[0,0],"52":[0,0],"53":[0,0],"54":[0,0],"55":[0,0],"56":[0,0]},"_coverageSchema":"1a1c01bbd47fc00a2c39e90264f33305004495a9","hash":"abbc11f85a3fb2f92273edeb2747357f77a88359"}
,"/home/shubham.gapat@ad.mindbowser.com/react-interactive-dropdown/src/components/DynamicDropdown/Chips/chips.js": {"path":"/home/shubham.gapat@ad.mindbowser.com/react-interactive-dropdown/src/components/DynamicDropdown/Chips/chips.js","statementMap":{"0":{"start":{"line":4,"column":4},"end":{"line":11,"column":6}}},"fnMap":{"0":{"name":"Chip","decl":{"start":{"line":3,"column":16},"end":{"line":3,"column":20}},"loc":{"start":{"line":3,"column":65},"end":{"line":12,"column":3}},"line":3}},"branchMap":{},"s":{"0":0},"f":{"0":0},"b":{},"_coverageSchema":"1a1c01bbd47fc00a2c39e90264f33305004495a9","hash":"4dd282f98299092cc54c3da21f52d9e733bc9e90"}
,"/home/shubham.gapat@ad.mindbowser.com/react-interactive-dropdown/src/components/InputField/index.js": {"path":"/home/shubham.gapat@ad.mindbowser.com/react-interactive-dropdown/src/components/InputField/index.js","statementMap":{"0":{"start":{"line":4,"column":36},"end":{"line":4,"column":51}},"1":{"start":{"line":6,"column":19},"end":{"line":8,"column":3}},"2":{"start":{"line":7,"column":4},"end":{"line":7,"column":29}},"3":{"start":{"line":10,"column":2},"end":{"line":15,"column":4}}},"fnMap":{"0":{"name":"CheckboxWithLabel","decl":{"start":{"line":3,"column":24},"end":{"line":3,"column":41}},"loc":{"start":{"line":3,"column":63},"end":{"line":16,"column":1}},"line":3},"1":{"name":"(anonymous_1)","decl":{"start":{"line":6,"column":19},"end":{"line":6,"column":20}},"loc":{"start":{"line":6,"column":25},"end":{"line":8,"column":3}},"line":6}},"branchMap":{"0":{"loc":{"start":{"line":13,"column":7},"end":{"line":13,"column":37}},"type":"cond-expr","locations":[{"start":{"line":13,"column":19},"end":{"line":13,"column":26}},{"start":{"line":13,"column":29},"end":{"line":13,"column":37}}],"line":13}},"s":{"0":2,"1":2,"2":1,"3":2},"f":{"0":2,"1":1},"b":{"0":[1,1]},"_coverageSchema":"1a1c01bbd47fc00a2c39e90264f33305004495a9","hash":"6ea3168c27c0e96813c1f1153c715dcaa69e2872"}
}
