{"/home/nadeem.khan@ad.mindbowser.com/Desktop/react-interactive-dropdown/src/components/DynamicDropdown/arrowDownLightGrey.svg": {"path":"/home/nadeem.khan@ad.mindbowser.com/Desktop/react-interactive-dropdown/src/components/DynamicDropdown/arrowDownLightGrey.svg","statementMap":{"0":{"start":{"line":1,"column":0},"end":{"line":1,"column":19}}},"fnMap":{},"branchMap":{},"s":{"0":1},"f":{},"b":{},"_coverageSchema":"1a1c01bbd47fc00a2c39e90264f33305004495a9","hash":"5cf974866432e56d17230ffac1ff085e32b897ce"}
,"/home/nadeem.khan@ad.mindbowser.com/Desktop/react-interactive-dropdown/src/components/DynamicDropdown/index.js": {"path":"/home/nadeem.khan@ad.mindbowser.com/Desktop/react-interactive-dropdown/src/components/DynamicDropdown/index.js","statementMap":{"0":{"start":{"line":35,"column":40},"end":{"line":35,"column":52}},"1":{"start":{"line":36,"column":38},"end":{"line":36,"column":53}},"2":{"start":{"line":37,"column":46},"end":{"line":37,"column":58}},"3":{"start":{"line":38,"column":48},"end":{"line":38,"column":60}},"4":{"start":{"line":39,"column":48},"end":{"line":39,"column":60}},"5":{"start":{"line":40,"column":26},"end":{"line":40,"column":41}},"6":{"start":{"line":42,"column":21},"end":{"line":42,"column":29}},"7":{"start":{"line":44,"column":27},"end":{"line":56,"column":5}},"8":{"start":{"line":46,"column":12},"end":{"line":46,"column":64}},"9":{"start":{"line":46,"column":34},"end":{"line":46,"column":64}},"10":{"start":{"line":47,"column":12},"end":{"line":52,"column":15}},"11":{"start":{"line":48,"column":16},"end":{"line":51,"column":17}},"12":{"start":{"line":49,"column":20},"end":{"line":49,"column":53}},"13":{"start":{"line":50,"column":20},"end":{"line":50,"column":40}},"14":{"start":{"line":53,"column":12},"end":{"line":53,"column":53}},"15":{"start":{"line":53,"column":22},"end":{"line":53,"column":53}},"16":{"start":{"line":59,"column":8},"end":{"line":69,"column":34}},"17":{"start":{"line":61,"column":16},"end":{"line":63,"column":17}},"18":{"start":{"line":62,"column":20},"end":{"line":62,"column":37}},"19":{"start":{"line":65,"column":12},"end":{"line":65,"column":71}},"20":{"start":{"line":66,"column":12},"end":{"line":68,"column":14}},"21":{"start":{"line":67,"column":16},"end":{"line":67,"column":78}},"22":{"start":{"line":73,"column":23},"end":{"line":73,"column":37}},"23":{"start":{"line":74,"column":4},"end":{"line":76,"column":7}},"24":{"start":{"line":75,"column":8},"end":{"line":75,"column":23}},"25":{"start":{"line":78,"column":4},"end":{"line":93,"column":24}},"26":{"start":{"line":79,"column":20},"end":{"line":79,"column":22}},"27":{"start":{"line":80,"column":8},"end":{"line":90,"column":9}},"28":{"start":{"line":81,"column":12},"end":{"line":87,"column":15}},"29":{"start":{"line":82,"column":28},"end":{"line":82,"column":30}},"30":{"start":{"line":83,"column":16},"end":{"line":85,"column":19}},"31":{"start":{"line":84,"column":20},"end":{"line":84,"column":39}},"32":{"start":{"line":86,"column":16},"end":{"line":86,"column":72}},"33":{"start":{"line":89,"column":12},"end":{"line":89,"column":39}},"34":{"start":{"line":91,"column":8},"end":{"line":91,"column":32}},"35":{"start":{"line":92,"column":8},"end":{"line":92,"column":33}},"36":{"start":{"line":95,"column":4},"end":{"line":101,"column":31}},"37":{"start":{"line":96,"column":8},"end":{"line":100,"column":9}},"38":{"start":{"line":97,"column":12},"end":{"line":97,"column":37}},"39":{"start":{"line":99,"column":12},"end":{"line":99,"column":32}},"40":{"start":{"line":103,"column":25},"end":{"line":109,"column":5}},"41":{"start":{"line":104,"column":8},"end":{"line":104,"column":20}},"42":{"start":{"line":105,"column":8},"end":{"line":105,"column":24}},"43":{"start":{"line":106,"column":8},"end":{"line":106,"column":26}},"44":{"start":{"line":107,"column":8},"end":{"line":107,"column":22}},"45":{"start":{"line":111,"column":30},"end":{"line":120,"column":5}},"46":{"start":{"line":112,"column":29},"end":{"line":112,"column":48}},"47":{"start":{"line":113,"column":8},"end":{"line":117,"column":9}},"48":{"start":{"line":114,"column":12},"end":{"line":114,"column":64}},"49":{"start":{"line":116,"column":12},"end":{"line":116,"column":35}},"50":{"start":{"line":118,"column":8},"end":{"line":118,"column":42}},"51":{"start":{"line":119,"column":8},"end":{"line":119,"column":33}},"52":{"start":{"line":122,"column":36},"end":{"line":128,"column":5}},"53":{"start":{"line":123,"column":29},"end":{"line":123,"column":48}},"54":{"start":{"line":124,"column":8},"end":{"line":124,"column":60}},"55":{"start":{"line":125,"column":8},"end":{"line":125,"column":42}},"56":{"start":{"line":126,"column":8},"end":{"line":126,"column":33}},"57":{"start":{"line":127,"column":8},"end":{"line":127,"column":21}},"58":{"start":{"line":130,"column":4},"end":{"line":199,"column":6}},"59":{"start":{"line":156,"column":33},"end":{"line":156,"column":47}},"60":{"start":{"line":163,"column":28},"end":{"line":168,"column":30}},"61":{"start":{"line":166,"column":48},"end":{"line":166,"column":79}},"62":{"start":{"line":189,"column":24},"end":{"line":194,"column":26}},"63":{"start":{"line":192,"column":44},"end":{"line":192,"column":75}},"64":{"start":{"line":202,"column":35},"end":{"line":211,"column":9}},"65":{"start":{"line":203,"column":12},"end":{"line":203,"column":42}},"66":{"start":{"line":204,"column":35},"end":{"line":208,"column":53}},"67":{"start":{"line":206,"column":20},"end":{"line":206,"column":31}},"68":{"start":{"line":208,"column":34},"end":{"line":208,"column":52}},"69":{"start":{"line":209,"column":12},"end":{"line":209,"column":46}},"70":{"start":{"line":214,"column":12},"end":{"line":226,"column":13}},"71":{"start":{"line":215,"column":16},"end":{"line":225,"column":18}},"72":{"start":{"line":227,"column":12},"end":{"line":235,"column":15}},"73":{"start":{"line":238,"column":8},"end":{"line":297,"column":10}},"74":{"start":{"line":277,"column":32},"end":{"line":292,"column":34}},"75":{"start":{"line":285,"column":59},"end":{"line":285,"column":94}},"76":{"start":{"line":303,"column":12},"end":{"line":305,"column":13}},"77":{"start":{"line":304,"column":16},"end":{"line":304,"column":118}},"78":{"start":{"line":306,"column":12},"end":{"line":306,"column":114}},"79":{"start":{"line":309,"column":8},"end":{"line":379,"column":10}},"80":{"start":{"line":322,"column":36},"end":{"line":322,"column":66}},"81":{"start":{"line":323,"column":59},"end":{"line":334,"column":77}},"82":{"start":{"line":325,"column":44},"end":{"line":331,"column":45}},"83":{"start":{"line":330,"column":48},"end":{"line":330,"column":60}},"84":{"start":{"line":332,"column":44},"end":{"line":332,"column":61}},"85":{"start":{"line":334,"column":58},"end":{"line":334,"column":76}},"86":{"start":{"line":335,"column":36},"end":{"line":335,"column":70}},"87":{"start":{"line":346,"column":32},"end":{"line":367,"column":34}},"88":{"start":{"line":354,"column":159},"end":{"line":354,"column":182}}},"fnMap":{"0":{"name":"InteractiveDropdown","decl":{"start":{"line":9,"column":9},"end":{"line":9,"column":28}},"loc":{"start":{"line":34,"column":3},"end":{"line":381,"column":1}},"line":34},"1":{"name":"(anonymous_1)","decl":{"start":{"line":15,"column":15},"end":{"line":15,"column":16}},"loc":{"start":{"line":15,"column":22},"end":{"line":15,"column":25}},"line":15},"2":{"name":"(anonymous_2)","decl":{"start":{"line":29,"column":26},"end":{"line":29,"column":27}},"loc":{"start":{"line":29,"column":33},"end":{"line":29,"column":36}},"line":29},"3":{"name":"(anonymous_3)","decl":{"start":{"line":32,"column":25},"end":{"line":32,"column":26}},"loc":{"start":{"line":32,"column":31},"end":{"line":32,"column":34}},"line":32},"4":{"name":"(anonymous_4)","decl":{"start":{"line":45,"column":8},"end":{"line":45,"column":9}},"loc":{"start":{"line":45,"column":18},"end":{"line":54,"column":9}},"line":45},"5":{"name":"(anonymous_5)","decl":{"start":{"line":47,"column":56},"end":{"line":47,"column":57}},"loc":{"start":{"line":47,"column":69},"end":{"line":52,"column":13}},"line":47},"6":{"name":"useClickOutside","decl":{"start":{"line":58,"column":13},"end":{"line":58,"column":28}},"loc":{"start":{"line":58,"column":50},"end":{"line":70,"column":5}},"line":58},"7":{"name":"(anonymous_7)","decl":{"start":{"line":59,"column":18},"end":{"line":59,"column":19}},"loc":{"start":{"line":59,"column":24},"end":{"line":69,"column":9}},"line":59},"8":{"name":"handleClickOutside","decl":{"start":{"line":60,"column":21},"end":{"line":60,"column":39}},"loc":{"start":{"line":60,"column":47},"end":{"line":64,"column":13}},"line":60},"9":{"name":"(anonymous_9)","decl":{"start":{"line":66,"column":19},"end":{"line":66,"column":20}},"loc":{"start":{"line":66,"column":25},"end":{"line":68,"column":13}},"line":66},"10":{"name":"(anonymous_10)","decl":{"start":{"line":74,"column":32},"end":{"line":74,"column":33}},"loc":{"start":{"line":74,"column":38},"end":{"line":76,"column":5}},"line":74},"11":{"name":"(anonymous_11)","decl":{"start":{"line":78,"column":14},"end":{"line":78,"column":15}},"loc":{"start":{"line":78,"column":20},"end":{"line":93,"column":5}},"line":78},"12":{"name":"(anonymous_12)","decl":{"start":{"line":81,"column":38},"end":{"line":81,"column":39}},"loc":{"start":{"line":81,"column":47},"end":{"line":87,"column":13}},"line":81},"13":{"name":"(anonymous_13)","decl":{"start":{"line":83,"column":30},"end":{"line":83,"column":31}},"loc":{"start":{"line":83,"column":37},"end":{"line":85,"column":17}},"line":83},"14":{"name":"(anonymous_14)","decl":{"start":{"line":95,"column":14},"end":{"line":95,"column":15}},"loc":{"start":{"line":95,"column":20},"end":{"line":101,"column":5}},"line":95},"15":{"name":"(anonymous_15)","decl":{"start":{"line":103,"column":25},"end":{"line":103,"column":26}},"loc":{"start":{"line":103,"column":32},"end":{"line":109,"column":5}},"line":103},"16":{"name":"(anonymous_16)","decl":{"start":{"line":111,"column":30},"end":{"line":111,"column":31}},"loc":{"start":{"line":111,"column":37},"end":{"line":120,"column":5}},"line":111},"17":{"name":"(anonymous_17)","decl":{"start":{"line":122,"column":36},"end":{"line":122,"column":37}},"loc":{"start":{"line":122,"column":43},"end":{"line":128,"column":5}},"line":122},"18":{"name":"(anonymous_18)","decl":{"start":{"line":156,"column":25},"end":{"line":156,"column":26}},"loc":{"start":{"line":156,"column":31},"end":{"line":156,"column":49}},"line":156},"19":{"name":"(anonymous_19)","decl":{"start":{"line":162,"column":45},"end":{"line":162,"column":46}},"loc":{"start":{"line":163,"column":28},"end":{"line":168,"column":30}},"line":163},"20":{"name":"(anonymous_20)","decl":{"start":{"line":166,"column":42},"end":{"line":166,"column":43}},"loc":{"start":{"line":166,"column":48},"end":{"line":166,"column":79}},"line":166},"21":{"name":"(anonymous_21)","decl":{"start":{"line":188,"column":41},"end":{"line":188,"column":42}},"loc":{"start":{"line":189,"column":24},"end":{"line":194,"column":26}},"line":189},"22":{"name":"(anonymous_22)","decl":{"start":{"line":192,"column":38},"end":{"line":192,"column":39}},"loc":{"start":{"line":192,"column":44},"end":{"line":192,"column":75}},"line":192},"23":{"name":"renderSelectMenu","decl":{"start":{"line":201,"column":13},"end":{"line":201,"column":29}},"loc":{"start":{"line":201,"column":32},"end":{"line":298,"column":5}},"line":201},"24":{"name":"(anonymous_24)","decl":{"start":{"line":202,"column":35},"end":{"line":202,"column":36}},"loc":{"start":{"line":202,"column":42},"end":{"line":211,"column":9}},"line":202},"25":{"name":"(anonymous_25)","decl":{"start":{"line":205,"column":21},"end":{"line":205,"column":22}},"loc":{"start":{"line":205,"column":31},"end":{"line":207,"column":17}},"line":205},"26":{"name":"(anonymous_26)","decl":{"start":{"line":208,"column":24},"end":{"line":208,"column":25}},"loc":{"start":{"line":208,"column":34},"end":{"line":208,"column":52}},"line":208},"27":{"name":"renderOption","decl":{"start":{"line":213,"column":17},"end":{"line":213,"column":29}},"loc":{"start":{"line":213,"column":37},"end":{"line":236,"column":9}},"line":213},"28":{"name":"(anonymous_28)","decl":{"start":{"line":276,"column":29},"end":{"line":276,"column":30}},"loc":{"start":{"line":276,"column":51},"end":{"line":293,"column":29}},"line":276},"29":{"name":"(anonymous_29)","decl":{"start":{"line":285,"column":53},"end":{"line":285,"column":54}},"loc":{"start":{"line":285,"column":59},"end":{"line":285,"column":94}},"line":285},"30":{"name":"renderMultiSelectMenu","decl":{"start":{"line":300,"column":13},"end":{"line":300,"column":34}},"loc":{"start":{"line":300,"column":37},"end":{"line":380,"column":5}},"line":300},"31":{"name":"renderOption","decl":{"start":{"line":302,"column":17},"end":{"line":302,"column":29}},"loc":{"start":{"line":302,"column":37},"end":{"line":307,"column":9}},"line":302},"32":{"name":"(anonymous_32)","decl":{"start":{"line":321,"column":85},"end":{"line":321,"column":86}},"loc":{"start":{"line":321,"column":92},"end":{"line":336,"column":33}},"line":321},"33":{"name":"(anonymous_33)","decl":{"start":{"line":324,"column":45},"end":{"line":324,"column":46}},"loc":{"start":{"line":324,"column":55},"end":{"line":333,"column":41}},"line":324},"34":{"name":"(anonymous_34)","decl":{"start":{"line":334,"column":48},"end":{"line":334,"column":49}},"loc":{"start":{"line":334,"column":58},"end":{"line":334,"column":76}},"line":334},"35":{"name":"(anonymous_35)","decl":{"start":{"line":345,"column":47},"end":{"line":345,"column":48}},"loc":{"start":{"line":345,"column":64},"end":{"line":368,"column":29}},"line":345},"36":{"name":"(anonymous_36)","decl":{"start":{"line":354,"column":153},"end":{"line":354,"column":154}},"loc":{"start":{"line":354,"column":159},"end":{"line":354,"column":182}},"line":354}},"branchMap":{"0":{"loc":{"start":{"line":10,"column":4},"end":{"line":10,"column":22}},"type":"default-arg","locations":[{"start":{"line":10,"column":20},"end":{"line":10,"column":22}}],"line":10},"1":{"loc":{"start":{"line":14,"column":4},"end":{"line":14,"column":16}},"type":"default-arg","locations":[{"start":{"line":14,"column":12},"end":{"line":14,"column":16}}],"line":14},"2":{"loc":{"start":{"line":15,"column":4},"end":{"line":15,"column":25}},"type":"default-arg","locations":[{"start":{"line":15,"column":15},"end":{"line":15,"column":25}}],"line":15},"3":{"loc":{"start":{"line":16,"column":4},"end":{"line":16,"column":22}},"type":"default-arg","locations":[{"start":{"line":16,"column":17},"end":{"line":16,"column":22}}],"line":16},"4":{"loc":{"start":{"line":19,"column":4},"end":{"line":19,"column":16}},"type":"default-arg","locations":[{"start":{"line":19,"column":12},"end":{"line":19,"column":16}}],"line":19},"5":{"loc":{"start":{"line":20,"column":4},"end":{"line":20,"column":23}},"type":"default-arg","locations":[{"start":{"line":20,"column":19},"end":{"line":20,"column":23}}],"line":20},"6":{"loc":{"start":{"line":21,"column":4},"end":{"line":21,"column":25}},"type":"default-arg","locations":[{"start":{"line":21,"column":20},"end":{"line":21,"column":25}}],"line":21},"7":{"loc":{"start":{"line":22,"column":4},"end":{"line":22,"column":24}},"type":"default-arg","locations":[{"start":{"line":22,"column":19},"end":{"line":22,"column":24}}],"line":22},"8":{"loc":{"start":{"line":23,"column":4},"end":{"line":23,"column":21}},"type":"default-arg","locations":[{"start":{"line":23,"column":16},"end":{"line":23,"column":21}}],"line":23},"9":{"loc":{"start":{"line":24,"column":4},"end":{"line":24,"column":24}},"type":"default-arg","locations":[{"start":{"line":24,"column":20},"end":{"line":24,"column":24}}],"line":24},"10":{"loc":{"start":{"line":25,"column":4},"end":{"line":25,"column":22}},"type":"default-arg","locations":[{"start":{"line":25,"column":17},"end":{"line":25,"column":22}}],"line":25},"11":{"loc":{"start":{"line":26,"column":4},"end":{"line":26,"column":23}},"type":"default-arg","locations":[{"start":{"line":26,"column":19},"end":{"line":26,"column":23}}],"line":26},"12":{"loc":{"start":{"line":28,"column":4},"end":{"line":28,"column":30}},"type":"default-arg","locations":[{"start":{"line":28,"column":25},"end":{"line":28,"column":30}}],"line":28},"13":{"loc":{"start":{"line":29,"column":4},"end":{"line":29,"column":36}},"type":"default-arg","locations":[{"start":{"line":29,"column":26},"end":{"line":29,"column":36}}],"line":29},"14":{"loc":{"start":{"line":31,"column":4},"end":{"line":31,"column":30}},"type":"default-arg","locations":[{"start":{"line":31,"column":25},"end":{"line":31,"column":30}}],"line":31},"15":{"loc":{"start":{"line":32,"column":4},"end":{"line":32,"column":34}},"type":"default-arg","locations":[{"start":{"line":32,"column":25},"end":{"line":32,"column":34}}],"line":32},"16":{"loc":{"start":{"line":33,"column":4},"end":{"line":33,"column":24}},"type":"default-arg","locations":[{"start":{"line":33,"column":19},"end":{"line":33,"column":24}}],"line":33},"17":{"loc":{"start":{"line":46,"column":12},"end":{"line":46,"column":64}},"type":"if","locations":[{"start":{"line":46,"column":12},"end":{"line":46,"column":64}},{"start":{},"end":{}}],"line":46},"18":{"loc":{"start":{"line":48,"column":16},"end":{"line":51,"column":17}},"type":"if","locations":[{"start":{"line":48,"column":16},"end":{"line":51,"column":17}},{"start":{},"end":{}}],"line":48},"19":{"loc":{"start":{"line":53,"column":12},"end":{"line":53,"column":53}},"type":"if","locations":[{"start":{"line":53,"column":12},"end":{"line":53,"column":53}},{"start":{},"end":{}}],"line":53},"20":{"loc":{"start":{"line":61,"column":16},"end":{"line":63,"column":17}},"type":"if","locations":[{"start":{"line":61,"column":16},"end":{"line":63,"column":17}},{"start":{},"end":{}}],"line":61},"21":{"loc":{"start":{"line":61,"column":20},"end":{"line":61,"column":70}},"type":"binary-expr","locations":[{"start":{"line":61,"column":20},"end":{"line":61,"column":31}},{"start":{"line":61,"column":35},"end":{"line":61,"column":70}}],"line":61},"22":{"loc":{"start":{"line":80,"column":8},"end":{"line":90,"column":9}},"type":"if","locations":[{"start":{"line":80,"column":8},"end":{"line":90,"column":9}},{"start":{"line":88,"column":15},"end":{"line":90,"column":9}}],"line":80},"23":{"loc":{"start":{"line":96,"column":8},"end":{"line":100,"column":9}},"type":"if","locations":[{"start":{"line":96,"column":8},"end":{"line":100,"column":9}},{"start":{"line":98,"column":15},"end":{"line":100,"column":9}}],"line":96},"24":{"loc":{"start":{"line":113,"column":8},"end":{"line":117,"column":9}},"type":"if","locations":[{"start":{"line":113,"column":8},"end":{"line":117,"column":9}},{"start":{"line":115,"column":15},"end":{"line":117,"column":9}}],"line":113},"25":{"loc":{"start":{"line":132,"column":13},"end":{"line":140,"column":13}},"type":"binary-expr","locations":[{"start":{"line":132,"column":13},"end":{"line":132,"column":18}},{"start":{"line":133,"column":16},"end":{"line":139,"column":22}}],"line":132},"26":{"loc":{"start":{"line":152,"column":27},"end":{"line":152,"column":57}},"type":"cond-expr","locations":[{"start":{"line":152,"column":39},"end":{"line":152,"column":48}},{"start":{"line":152,"column":51},"end":{"line":152,"column":57}}],"line":152},"27":{"loc":{"start":{"line":153,"column":35},"end":{"line":153,"column":62}},"type":"cond-expr","locations":[{"start":{"line":153,"column":48},"end":{"line":153,"column":54}},{"start":{"line":153,"column":57},"end":{"line":153,"column":62}}],"line":153},"28":{"loc":{"start":{"line":154,"column":29},"end":{"line":154,"column":49}},"type":"cond-expr","locations":[{"start":{"line":154,"column":42},"end":{"line":154,"column":45}},{"start":{"line":154,"column":48},"end":{"line":154,"column":49}}],"line":154},"29":{"loc":{"start":{"line":161,"column":21},"end":{"line":170,"column":30}},"type":"cond-expr","locations":[{"start":{"line":162,"column":26},"end":{"line":169,"column":26}},{"start":{"line":170,"column":26},"end":{"line":170,"column":30}}],"line":161},"30":{"loc":{"start":{"line":161,"column":21},"end":{"line":161,"column":78}},"type":"binary-expr","locations":[{"start":{"line":161,"column":21},"end":{"line":161,"column":34}},{"start":{"line":161,"column":38},"end":{"line":161,"column":60}},{"start":{"line":161,"column":64},"end":{"line":161,"column":78}}],"line":161},"31":{"loc":{"start":{"line":173,"column":21},"end":{"line":173,"column":62}},"type":"cond-expr","locations":[{"start":{"line":173,"column":33},"end":{"line":173,"column":48}},{"start":{"line":173,"column":51},"end":{"line":173,"column":62}}],"line":173},"32":{"loc":{"start":{"line":185,"column":13},"end":{"line":185,"column":73}},"type":"cond-expr","locations":[{"start":{"line":185,"column":29},"end":{"line":185,"column":52}},{"start":{"line":185,"column":55},"end":{"line":185,"column":73}}],"line":185},"33":{"loc":{"start":{"line":187,"column":17},"end":{"line":196,"column":26}},"type":"cond-expr","locations":[{"start":{"line":188,"column":22},"end":{"line":195,"column":22}},{"start":{"line":196,"column":22},"end":{"line":196,"column":26}}],"line":187},"34":{"loc":{"start":{"line":187,"column":17},"end":{"line":187,"column":82}},"type":"binary-expr","locations":[{"start":{"line":187,"column":17},"end":{"line":187,"column":30}},{"start":{"line":187,"column":34},"end":{"line":187,"column":56}},{"start":{"line":187,"column":60},"end":{"line":187,"column":69}},{"start":{"line":187,"column":73},"end":{"line":187,"column":82}}],"line":187},"35":{"loc":{"start":{"line":214,"column":12},"end":{"line":226,"column":13}},"type":"if","locations":[{"start":{"line":214,"column":12},"end":{"line":226,"column":13}},{"start":{},"end":{}}],"line":214},"36":{"loc":{"start":{"line":217,"column":25},"end":{"line":223,"column":30}},"type":"cond-expr","locations":[{"start":{"line":217,"column":46},"end":{"line":219,"column":30}},{"start":{"line":219,"column":33},"end":{"line":223,"column":30}}],"line":217},"37":{"loc":{"start":{"line":220,"column":29},"end":{"line":222,"column":72}},"type":"cond-expr","locations":[{"start":{"line":221,"column":34},"end":{"line":221,"column":51}},{"start":{"line":222,"column":34},"end":{"line":222,"column":72}}],"line":220},"38":{"loc":{"start":{"line":228,"column":17},"end":{"line":234,"column":22}},"type":"cond-expr","locations":[{"start":{"line":228,"column":38},"end":{"line":230,"column":22}},{"start":{"line":230,"column":25},"end":{"line":234,"column":22}}],"line":228},"39":{"loc":{"start":{"line":231,"column":21},"end":{"line":233,"column":64}},"type":"cond-expr","locations":[{"start":{"line":232,"column":26},"end":{"line":232,"column":43}},{"start":{"line":233,"column":26},"end":{"line":233,"column":64}}],"line":231},"40":{"loc":{"start":{"line":240,"column":17},"end":{"line":296,"column":22}},"type":"binary-expr","locations":[{"start":{"line":240,"column":17},"end":{"line":240,"column":21}},{"start":{"line":240,"column":25},"end":{"line":296,"column":22}}],"line":240},"41":{"loc":{"start":{"line":244,"column":36},"end":{"line":244,"column":66}},"type":"cond-expr","locations":[{"start":{"line":244,"column":48},"end":{"line":244,"column":57}},{"start":{"line":244,"column":60},"end":{"line":244,"column":66}}],"line":244},"42":{"loc":{"start":{"line":247,"column":21},"end":{"line":256,"column":21}},"type":"binary-expr","locations":[{"start":{"line":247,"column":21},"end":{"line":247,"column":33}},{"start":{"line":248,"column":24},"end":{"line":255,"column":30}}],"line":247},"43":{"loc":{"start":{"line":250,"column":42},"end":{"line":250,"column":103}},"type":"cond-expr","locations":[{"start":{"line":250,"column":63},"end":{"line":250,"column":82}},{"start":{"line":250,"column":85},"end":{"line":250,"column":103}}],"line":250},"44":{"loc":{"start":{"line":279,"column":40},"end":{"line":282,"column":62}},"type":"cond-expr","locations":[{"start":{"line":280,"column":45},"end":{"line":282,"column":54}},{"start":{"line":282,"column":58},"end":{"line":282,"column":62}}],"line":279},"45":{"loc":{"start":{"line":280,"column":45},"end":{"line":282,"column":54}},"type":"cond-expr","locations":[{"start":{"line":281,"column":50},"end":{"line":281,"column":64}},{"start":{"line":282,"column":50},"end":{"line":282,"column":54}}],"line":280},"46":{"loc":{"start":{"line":287,"column":45},"end":{"line":287,"column":98}},"type":"binary-expr","locations":[{"start":{"line":287,"column":45},"end":{"line":287,"column":58}},{"start":{"line":287,"column":62},"end":{"line":287,"column":98}}],"line":287},"47":{"loc":{"start":{"line":289,"column":45},"end":{"line":289,"column":96}},"type":"binary-expr","locations":[{"start":{"line":289,"column":45},"end":{"line":289,"column":57}},{"start":{"line":289,"column":61},"end":{"line":289,"column":96}}],"line":289},"48":{"loc":{"start":{"line":303,"column":12},"end":{"line":305,"column":13}},"type":"if","locations":[{"start":{"line":303,"column":12},"end":{"line":305,"column":13}},{"start":{},"end":{}}],"line":303},"49":{"loc":{"start":{"line":304,"column":53},"end":{"line":304,"column":110}},"type":"cond-expr","locations":[{"start":{"line":304,"column":74},"end":{"line":304,"column":96}},{"start":{"line":304,"column":99},"end":{"line":304,"column":110}}],"line":304},"50":{"loc":{"start":{"line":306,"column":49},"end":{"line":306,"column":106}},"type":"cond-expr","locations":[{"start":{"line":306,"column":70},"end":{"line":306,"column":92}},{"start":{"line":306,"column":95},"end":{"line":306,"column":106}}],"line":306},"51":{"loc":{"start":{"line":311,"column":17},"end":{"line":377,"column":22}},"type":"binary-expr","locations":[{"start":{"line":311,"column":17},"end":{"line":311,"column":21}},{"start":{"line":311,"column":25},"end":{"line":377,"column":22}}],"line":311},"52":{"loc":{"start":{"line":315,"column":36},"end":{"line":315,"column":66}},"type":"cond-expr","locations":[{"start":{"line":315,"column":48},"end":{"line":315,"column":57}},{"start":{"line":315,"column":60},"end":{"line":315,"column":66}}],"line":315},"53":{"loc":{"start":{"line":318,"column":21},"end":{"line":342,"column":21}},"type":"binary-expr","locations":[{"start":{"line":318,"column":21},"end":{"line":318,"column":33}},{"start":{"line":319,"column":24},"end":{"line":341,"column":30}}],"line":318},"54":{"loc":{"start":{"line":321,"column":42},"end":{"line":336,"column":33}},"type":"cond-expr","locations":[{"start":{"line":321,"column":63},"end":{"line":321,"column":82}},{"start":{"line":321,"column":85},"end":{"line":336,"column":33}}],"line":321},"55":{"loc":{"start":{"line":325,"column":44},"end":{"line":331,"column":45}},"type":"if","locations":[{"start":{"line":325,"column":44},"end":{"line":331,"column":45}},{"start":{},"end":{}}],"line":325},"56":{"loc":{"start":{"line":344,"column":25},"end":{"line":375,"column":25}},"type":"cond-expr","locations":[{"start":{"line":345,"column":28},"end":{"line":368,"column":30}},{"start":{"line":370,"column":28},"end":{"line":374,"column":34}}],"line":344},"57":{"loc":{"start":{"line":348,"column":40},"end":{"line":351,"column":62}},"type":"cond-expr","locations":[{"start":{"line":349,"column":45},"end":{"line":351,"column":54}},{"start":{"line":351,"column":58},"end":{"line":351,"column":62}}],"line":348},"58":{"loc":{"start":{"line":349,"column":45},"end":{"line":351,"column":54}},"type":"cond-expr","locations":[{"start":{"line":350,"column":50},"end":{"line":350,"column":64}},{"start":{"line":351,"column":50},"end":{"line":351,"column":54}}],"line":349},"59":{"loc":{"start":{"line":354,"column":60},"end":{"line":354,"column":142}},"type":"cond-expr","locations":[{"start":{"line":354,"column":96},"end":{"line":354,"column":122}},{"start":{"line":354,"column":125},"end":{"line":354,"column":142}}],"line":354},"60":{"loc":{"start":{"line":355,"column":49},"end":{"line":362,"column":49}},"type":"binary-expr","locations":[{"start":{"line":355,"column":49},"end":{"line":355,"column":61}},{"start":{"line":356,"column":52},"end":{"line":361,"column":54}}],"line":355}},"s":{"0":28,"1":28,"2":28,"3":28,"4":28,"5":28,"6":28,"7":28,"8":0,"9":0,"10":0,"11":0,"12":0,"13":0,"14":0,"15":0,"16":28,"17":1,"18":1,"19":28,"20":28,"21":28,"22":28,"23":28,"24":1,"25":28,"26":8,"27":8,"28":0,"29":0,"30":0,"31":0,"32":0,"33":8,"34":8,"35":8,"36":28,"37":8,"38":0,"39":8,"40":28,"41":2,"42":2,"43":2,"44":2,"45":28,"46":0,"47":0,"48":0,"49":0,"50":0,"51":0,"52":28,"53":0,"54":0,"55":0,"56":0,"57":0,"58":28,"59":6,"60":0,"61":0,"62":0,"63":0,"64":28,"65":3,"66":3,"67":9,"68":9,"69":3,"70":27,"71":0,"72":27,"73":28,"74":27,"75":2,"76":0,"77":0,"78":0,"79":0,"80":0,"81":0,"82":0,"83":0,"84":0,"85":0,"86":0,"87":0,"88":0},"f":{"0":28,"1":0,"2":0,"3":0,"4":0,"5":0,"6":28,"7":28,"8":1,"9":28,"10":1,"11":8,"12":0,"13":0,"14":8,"15":2,"16":0,"17":0,"18":6,"19":0,"20":0,"21":0,"22":0,"23":28,"24":3,"25":9,"26":9,"27":27,"28":27,"29":2,"30":0,"31":0,"32":0,"33":0,"34":0,"35":0,"36":0},"b":{"0":[0],"1":[26],"2":[0],"3":[28],"4":[0],"5":[0],"6":[28],"7":[28],"8":[28],"9":[28],"10":[28],"11":[28],"12":[28],"13":[28],"14":[28],"15":[28],"16":[28],"17":[0,0],"18":[0,0],"19":[0,0],"20":[1,0],"21":[1,1],"22":[0,8],"23":[0,8],"24":[0,0],"25":[28,28],"26":[0,28],"27":[0,28],"28":[0,28],"29":[0,28],"30":[28,0,0],"31":[4,24],"32":[0,28],"33":[0,28],"34":[28,0,0,0],"35":[0,27],"36":[0,0],"37":[0,0],"38":[0,27],"39":[27,0],"40":[28,9],"41":[0,9],"42":[9,9],"43":[0,9],"44":[0,27],"45":[0,0],"46":[27,0],"47":[27,0],"48":[0,0],"49":[0,0],"50":[0,0],"51":[0,0],"52":[0,0],"53":[0,0],"54":[0,0],"55":[0,0],"56":[0,0],"57":[0,0],"58":[0,0],"59":[0,0],"60":[0,0]},"_coverageSchema":"1a1c01bbd47fc00a2c39e90264f33305004495a9","hash":"f2b7f44950894cf117016aee3ec020c8776ab99b"}
,"/home/nadeem.khan@ad.mindbowser.com/Desktop/react-interactive-dropdown/src/components/DynamicDropdown/Chips/chips.js": {"path":"/home/nadeem.khan@ad.mindbowser.com/Desktop/react-interactive-dropdown/src/components/DynamicDropdown/Chips/chips.js","statementMap":{"0":{"start":{"line":4,"column":4},"end":{"line":11,"column":6}}},"fnMap":{"0":{"name":"Chip","decl":{"start":{"line":3,"column":16},"end":{"line":3,"column":20}},"loc":{"start":{"line":3,"column":65},"end":{"line":12,"column":3}},"line":3}},"branchMap":{},"s":{"0":0},"f":{"0":0},"b":{},"_coverageSchema":"1a1c01bbd47fc00a2c39e90264f33305004495a9","hash":"9eb948258b5e5b6976b015ad10f9b16683803be9"}
,"/home/nadeem.khan@ad.mindbowser.com/Desktop/react-interactive-dropdown/src/components/InputField/index.js": {"path":"/home/nadeem.khan@ad.mindbowser.com/Desktop/react-interactive-dropdown/src/components/InputField/index.js","statementMap":{"0":{"start":{"line":4,"column":36},"end":{"line":4,"column":51}},"1":{"start":{"line":6,"column":19},"end":{"line":8,"column":3}},"2":{"start":{"line":7,"column":4},"end":{"line":7,"column":29}},"3":{"start":{"line":10,"column":2},"end":{"line":15,"column":4}}},"fnMap":{"0":{"name":"CheckboxWithLabel","decl":{"start":{"line":3,"column":24},"end":{"line":3,"column":41}},"loc":{"start":{"line":3,"column":63},"end":{"line":16,"column":1}},"line":3},"1":{"name":"(anonymous_1)","decl":{"start":{"line":6,"column":19},"end":{"line":6,"column":20}},"loc":{"start":{"line":6,"column":25},"end":{"line":8,"column":3}},"line":6}},"branchMap":{"0":{"loc":{"start":{"line":13,"column":7},"end":{"line":13,"column":37}},"type":"cond-expr","locations":[{"start":{"line":13,"column":19},"end":{"line":13,"column":26}},{"start":{"line":13,"column":29},"end":{"line":13,"column":37}}],"line":13}},"s":{"0":2,"1":2,"2":1,"3":2},"f":{"0":2,"1":1},"b":{"0":[1,1]},"_coverageSchema":"1a1c01bbd47fc00a2c39e90264f33305004495a9","hash":"bbc7a89d0bcc6ba8192a1c6a3f91b95fb88a2e12"}
}
