TN:
SF:src/components/DynamicDropdown/arrowDownLightGrey.svg
FNF:0
FNH:0
DA:1,1
LF:1
LH:1
BRF:0
BRH:0
end_of_record
TN:
SF:src/components/DynamicDropdown/index.js
FN:9,SearchBoxSelect
FN:15,(anonymous_1)
FN:29,(anonymous_2)
FN:43,(anonymous_3)
FN:45,(anonymous_4)
FN:55,useClickOutside
FN:56,(anonymous_6)
FN:57,handleClickOutside
FN:63,(anonymous_8)
FN:71,(anonymous_9)
FN:75,(anonymous_10)
FN:78,(anonymous_11)
FN:80,(anonymous_12)
FN:92,(anonymous_13)
FN:100,(anonymous_14)
FN:108,(anonymous_15)
FN:119,(anonymous_16)
FN:153,(anonymous_17)
FN:159,(anonymous_18)
FN:163,(anonymous_19)
FN:185,(anonymous_20)
FN:189,(anonymous_21)
FN:198,renderSelectMenu
FN:199,(anonymous_23)
FN:202,(anonymous_24)
FN:205,(anonymous_25)
FN:210,renderOption
FN:273,(anonymous_27)
FN:281,(anonymous_28)
FN:296,renderMultiSelectMenu
FN:298,renderOption
FN:317,(anonymous_31)
FN:320,(anonymous_32)
FN:330,(anonymous_33)
FN:341,(anonymous_34)
FN:349,(anonymous_35)
FNF:36
FNH:18
FNDA:28,SearchBoxSelect
FNDA:0,(anonymous_1)
FNDA:0,(anonymous_2)
FNDA:18,(anonymous_3)
FNDA:0,(anonymous_4)
FNDA:28,useClickOutside
FNDA:28,(anonymous_6)
FNDA:1,handleClickOutside
FNDA:28,(anonymous_8)
FNDA:1,(anonymous_9)
FNDA:8,(anonymous_10)
FNDA:0,(anonymous_11)
FNDA:0,(anonymous_12)
FNDA:8,(anonymous_13)
FNDA:2,(anonymous_14)
FNDA:0,(anonymous_15)
FNDA:0,(anonymous_16)
FNDA:6,(anonymous_17)
FNDA:0,(anonymous_18)
FNDA:0,(anonymous_19)
FNDA:0,(anonymous_20)
FNDA:0,(anonymous_21)
FNDA:28,renderSelectMenu
FNDA:3,(anonymous_23)
FNDA:9,(anonymous_24)
FNDA:9,(anonymous_25)
FNDA:27,renderOption
FNDA:27,(anonymous_27)
FNDA:2,(anonymous_28)
FNDA:0,renderMultiSelectMenu
FNDA:0,renderOption
FNDA:0,(anonymous_31)
FNDA:0,(anonymous_32)
FNDA:0,(anonymous_33)
FNDA:0,(anonymous_34)
FNDA:0,(anonymous_35)
DA:33,28
DA:34,28
DA:35,28
DA:36,28
DA:37,28
DA:38,28
DA:40,28
DA:42,28
DA:44,18
DA:45,18
DA:46,0
DA:47,0
DA:50,18
DA:56,28
DA:58,1
DA:59,1
DA:62,28
DA:63,28
DA:64,28
DA:70,28
DA:71,28
DA:72,1
DA:75,28
DA:76,8
DA:77,8
DA:78,0
DA:79,0
DA:80,0
DA:81,0
DA:83,0
DA:86,8
DA:88,8
DA:89,8
DA:92,28
DA:93,8
DA:94,0
DA:96,8
DA:100,28
DA:101,2
DA:102,2
DA:103,2
DA:104,2
DA:108,28
DA:109,0
DA:110,0
DA:111,0
DA:113,0
DA:115,0
DA:116,0
DA:119,28
DA:120,0
DA:121,0
DA:122,0
DA:123,0
DA:124,0
DA:127,28
DA:153,6
DA:160,0
DA:163,0
DA:186,0
DA:189,0
DA:199,28
DA:200,3
DA:201,3
DA:203,9
DA:205,9
DA:206,3
DA:211,27
DA:212,0
DA:224,27
DA:235,28
DA:274,27
DA:281,2
DA:299,0
DA:300,0
DA:302,0
DA:305,0
DA:318,0
DA:319,0
DA:321,0
DA:326,0
DA:328,0
DA:330,0
DA:331,0
DA:342,0
DA:349,0
LF:86
LH:49
BRDA:10,0,0,0
BRDA:14,1,0,26
BRDA:15,2,0,0
BRDA:16,3,0,28
BRDA:19,4,0,0
BRDA:20,5,0,0
BRDA:21,6,0,28
BRDA:22,7,0,28
BRDA:23,8,0,28
BRDA:24,9,0,28
BRDA:25,10,0,28
BRDA:26,11,0,28
BRDA:28,12,0,28
BRDA:29,13,0,28
BRDA:31,14,0,28
BRDA:44,15,0,12
BRDA:44,15,1,6
BRDA:46,16,0,0
BRDA:46,16,1,0
BRDA:50,17,0,9
BRDA:50,17,1,9
BRDA:58,18,0,1
BRDA:58,18,1,0
BRDA:58,19,0,1
BRDA:58,19,1,1
BRDA:77,20,0,0
BRDA:77,20,1,8
BRDA:93,21,0,0
BRDA:93,21,1,8
BRDA:110,22,0,0
BRDA:110,22,1,0
BRDA:129,23,0,28
BRDA:129,23,1,28
BRDA:149,24,0,0
BRDA:149,24,1,28
BRDA:150,25,0,0
BRDA:150,25,1,28
BRDA:151,26,0,0
BRDA:151,26,1,28
BRDA:158,27,0,0
BRDA:158,27,1,28
BRDA:158,28,0,28
BRDA:158,28,1,0
BRDA:158,28,2,0
BRDA:170,29,0,4
BRDA:170,29,1,24
BRDA:182,30,0,0
BRDA:182,30,1,28
BRDA:184,31,0,0
BRDA:184,31,1,28
BRDA:184,32,0,28
BRDA:184,32,1,0
BRDA:184,32,2,0
BRDA:184,32,3,0
BRDA:211,33,0,0
BRDA:211,33,1,27
BRDA:214,34,0,0
BRDA:214,34,1,0
BRDA:217,35,0,0
BRDA:217,35,1,0
BRDA:225,36,0,0
BRDA:225,36,1,27
BRDA:228,37,0,27
BRDA:228,37,1,0
BRDA:237,38,0,28
BRDA:237,38,1,9
BRDA:241,39,0,0
BRDA:241,39,1,9
BRDA:244,40,0,9
BRDA:244,40,1,9
BRDA:247,41,0,0
BRDA:247,41,1,9
BRDA:276,42,0,9
BRDA:276,42,1,18
BRDA:283,43,0,27
BRDA:283,43,1,0
BRDA:285,44,0,27
BRDA:285,44,1,0
BRDA:299,45,0,0
BRDA:299,45,1,0
BRDA:300,46,0,0
BRDA:300,46,1,0
BRDA:302,47,0,0
BRDA:302,47,1,0
BRDA:307,48,0,0
BRDA:307,48,1,0
BRDA:311,49,0,0
BRDA:311,49,1,0
BRDA:314,50,0,0
BRDA:314,50,1,0
BRDA:317,51,0,0
BRDA:317,51,1,0
BRDA:321,52,0,0
BRDA:321,52,1,0
BRDA:340,53,0,0
BRDA:340,53,1,0
BRDA:344,54,0,0
BRDA:344,54,1,0
BRDA:349,55,0,0
BRDA:349,55,1,0
BRDA:350,56,0,0
BRDA:350,56,1,0
BRF:102
BRH:45
end_of_record
TN:
SF:src/components/DynamicDropdown/Chips/chips.js
FN:3,Chip
FNF:1
FNH:0
FNDA:0,Chip
DA:4,0
LF:1
LH:0
BRF:0
BRH:0
end_of_record
TN:
SF:src/components/InputField/index.js
FN:3,CheckboxWithLabel
FN:6,(anonymous_1)
FNF:2
FNH:2
FNDA:2,CheckboxWithLabel
FNDA:1,(anonymous_1)
DA:4,2
DA:6,2
DA:7,1
DA:10,2
LF:4
LH:4
BRDA:13,0,0,1
BRDA:13,0,1,1
BRF:2
BRH:2
end_of_record
