TN:
SF:src/components/DynamicDropdown/arrowDownLightGrey.svg
FNF:0
FNH:0
DA:1,1
LF:1
LH:1
BRF:0
BRH:0
end_of_record
TN:
SF:src/components/DynamicDropdown/index.js
FN:9,InteractiveDropdown
FN:15,(anonymous_1)
FN:29,(anonymous_2)
FN:32,(anonymous_3)
FN:45,(anonymous_4)
FN:47,(anonymous_5)
FN:58,useClickOutside
FN:59,(anonymous_7)
FN:60,handleClickOutside
FN:66,(anonymous_9)
FN:74,(anonymous_10)
FN:78,(anonymous_11)
FN:81,(anonymous_12)
FN:83,(anonymous_13)
FN:95,(anonymous_14)
FN:103,(anonymous_15)
FN:111,(anonymous_16)
FN:122,(anonymous_17)
FN:156,(anonymous_18)
FN:162,(anonymous_19)
FN:166,(anonymous_20)
FN:188,(anonymous_21)
FN:192,(anonymous_22)
FN:201,renderSelectMenu
FN:202,(anonymous_24)
FN:205,(anonymous_25)
FN:208,(anonymous_26)
FN:213,renderOption
FN:276,(anonymous_28)
FN:285,(anonymous_29)
FN:300,renderMultiSelectMenu
FN:302,renderOption
FN:321,(anonymous_32)
FN:324,(anonymous_33)
FN:334,(anonymous_34)
FN:345,(anonymous_35)
FN:354,(anonymous_36)
FNF:37
FNH:17
FNDA:28,InteractiveDropdown
FNDA:0,(anonymous_1)
FNDA:0,(anonymous_2)
FNDA:0,(anonymous_3)
FNDA:0,(anonymous_4)
FNDA:0,(anonymous_5)
FNDA:28,useClickOutside
FNDA:28,(anonymous_7)
FNDA:1,handleClickOutside
FNDA:28,(anonymous_9)
FNDA:1,(anonymous_10)
FNDA:8,(anonymous_11)
FNDA:0,(anonymous_12)
FNDA:0,(anonymous_13)
FNDA:8,(anonymous_14)
FNDA:2,(anonymous_15)
FNDA:0,(anonymous_16)
FNDA:0,(anonymous_17)
FNDA:6,(anonymous_18)
FNDA:0,(anonymous_19)
FNDA:0,(anonymous_20)
FNDA:0,(anonymous_21)
FNDA:0,(anonymous_22)
FNDA:28,renderSelectMenu
FNDA:3,(anonymous_24)
FNDA:9,(anonymous_25)
FNDA:9,(anonymous_26)
FNDA:27,renderOption
FNDA:27,(anonymous_28)
FNDA:2,(anonymous_29)
FNDA:0,renderMultiSelectMenu
FNDA:0,renderOption
FNDA:0,(anonymous_32)
FNDA:0,(anonymous_33)
FNDA:0,(anonymous_34)
FNDA:0,(anonymous_35)
FNDA:0,(anonymous_36)
DA:35,28
DA:36,28
DA:37,28
DA:38,28
DA:39,28
DA:40,28
DA:42,28
DA:44,28
DA:46,0
DA:47,0
DA:48,0
DA:49,0
DA:50,0
DA:53,0
DA:59,28
DA:61,1
DA:62,1
DA:65,28
DA:66,28
DA:67,28
DA:73,28
DA:74,28
DA:75,1
DA:78,28
DA:79,8
DA:80,8
DA:81,0
DA:82,0
DA:83,0
DA:84,0
DA:86,0
DA:89,8
DA:91,8
DA:92,8
DA:95,28
DA:96,8
DA:97,0
DA:99,8
DA:103,28
DA:104,2
DA:105,2
DA:106,2
DA:107,2
DA:111,28
DA:112,0
DA:113,0
DA:114,0
DA:116,0
DA:118,0
DA:119,0
DA:122,28
DA:123,0
DA:124,0
DA:125,0
DA:126,0
DA:127,0
DA:130,28
DA:156,6
DA:163,0
DA:166,0
DA:189,0
DA:192,0
DA:202,28
DA:203,3
DA:204,3
DA:206,9
DA:208,9
DA:209,3
DA:214,27
DA:215,0
DA:227,27
DA:238,28
DA:277,27
DA:285,2
DA:303,0
DA:304,0
DA:306,0
DA:309,0
DA:322,0
DA:323,0
DA:325,0
DA:330,0
DA:332,0
DA:334,0
DA:335,0
DA:346,0
DA:354,0
LF:87
LH:46
BRDA:10,0,0,0
BRDA:14,1,0,26
BRDA:15,2,0,0
BRDA:16,3,0,28
BRDA:19,4,0,0
BRDA:20,5,0,0
BRDA:21,6,0,28
BRDA:22,7,0,28
BRDA:23,8,0,28
BRDA:24,9,0,28
BRDA:25,10,0,28
BRDA:26,11,0,28
BRDA:28,12,0,28
BRDA:29,13,0,28
BRDA:31,14,0,28
BRDA:32,15,0,28
BRDA:33,16,0,28
BRDA:46,17,0,0
BRDA:46,17,1,0
BRDA:48,18,0,0
BRDA:48,18,1,0
BRDA:53,19,0,0
BRDA:53,19,1,0
BRDA:61,20,0,1
BRDA:61,20,1,0
BRDA:61,21,0,1
BRDA:61,21,1,1
BRDA:80,22,0,0
BRDA:80,22,1,8
BRDA:96,23,0,0
BRDA:96,23,1,8
BRDA:113,24,0,0
BRDA:113,24,1,0
BRDA:132,25,0,28
BRDA:132,25,1,28
BRDA:152,26,0,0
BRDA:152,26,1,28
BRDA:153,27,0,0
BRDA:153,27,1,28
BRDA:154,28,0,0
BRDA:154,28,1,28
BRDA:161,29,0,0
BRDA:161,29,1,28
BRDA:161,30,0,28
BRDA:161,30,1,0
BRDA:161,30,2,0
BRDA:173,31,0,4
BRDA:173,31,1,24
BRDA:185,32,0,0
BRDA:185,32,1,28
BRDA:187,33,0,0
BRDA:187,33,1,28
BRDA:187,34,0,28
BRDA:187,34,1,0
BRDA:187,34,2,0
BRDA:187,34,3,0
BRDA:214,35,0,0
BRDA:214,35,1,27
BRDA:217,36,0,0
BRDA:217,36,1,0
BRDA:220,37,0,0
BRDA:220,37,1,0
BRDA:228,38,0,0
BRDA:228,38,1,27
BRDA:231,39,0,27
BRDA:231,39,1,0
BRDA:240,40,0,28
BRDA:240,40,1,9
BRDA:244,41,0,0
BRDA:244,41,1,9
BRDA:247,42,0,9
BRDA:247,42,1,9
BRDA:250,43,0,0
BRDA:250,43,1,9
BRDA:279,44,0,0
BRDA:279,44,1,27
BRDA:280,45,0,0
BRDA:280,45,1,0
BRDA:287,46,0,27
BRDA:287,46,1,0
BRDA:289,47,0,27
BRDA:289,47,1,0
BRDA:303,48,0,0
BRDA:303,48,1,0
BRDA:304,49,0,0
BRDA:304,49,1,0
BRDA:306,50,0,0
BRDA:306,50,1,0
BRDA:311,51,0,0
BRDA:311,51,1,0
BRDA:315,52,0,0
BRDA:315,52,1,0
BRDA:318,53,0,0
BRDA:318,53,1,0
BRDA:321,54,0,0
BRDA:321,54,1,0
BRDA:325,55,0,0
BRDA:325,55,1,0
BRDA:344,56,0,0
BRDA:344,56,1,0
BRDA:348,57,0,0
BRDA:348,57,1,0
BRDA:349,58,0,0
BRDA:349,58,1,0
BRDA:354,59,0,0
BRDA:354,59,1,0
BRDA:355,60,0,0
BRDA:355,60,1,0
BRF:108
BRH:42
end_of_record
TN:
SF:src/components/DynamicDropdown/Chips/chips.js
FN:3,Chip
FNF:1
FNH:0
FNDA:0,Chip
DA:4,0
LF:1
LH:0
BRF:0
BRH:0
end_of_record
TN:
SF:src/components/InputField/index.js
FN:3,CheckboxWithLabel
FN:6,(anonymous_1)
FNF:2
FNH:2
FNDA:2,CheckboxWithLabel
FNDA:1,(anonymous_1)
DA:4,2
DA:6,2
DA:7,1
DA:10,2
LF:4
LH:4
BRDA:13,0,0,1
BRDA:13,0,1,1
BRF:2
BRH:2
end_of_record
